2024-01-20 17:14:39,926     INFO start
2024-01-20 17:14:39,926    DEBUG debug: ON
2024-01-20 17:14:45,210     INFO start
2024-01-20 17:14:45,211    DEBUG debug: ON
2024-01-20 17:14:51,260     INFO start
2024-01-20 17:14:51,260    DEBUG debug: ON
2024-01-20 17:14:58,869     INFO start
2024-01-20 17:14:58,869    DEBUG debug: ON
2024-01-20 17:14:58,870     INFO GAS_DEPLOY_ID: AKfycbwTUrFRBK0Uxazs2BUVBZBtixwjvj623TyihfXGmqKoB_-JT5IUjmOFhFvJBbKsOZgRjg
2024-01-20 17:15:00,138     INFO start
2024-01-20 17:15:00,138    DEBUG debug: ON
2024-01-20 17:15:00,139     INFO GAS_DEPLOY_ID: AKfycbwTUrFRBK0Uxazs2BUVBZBtixwjvj623TyihfXGmqKoB_-JT5IUjmOFhFvJBbKsOZgRjg
2024-01-20 17:15:21,738     INFO start
2024-01-20 17:15:21,738    DEBUG debug: ON
2024-01-20 17:15:21,739     INFO GAS_DEPLOY_ID: AKfycbwTUrFRBK0Uxazs2BUVBZBtixwjvj623TyihfXGmqKoB_-JT5IUjmOFhFvJBbKsOZgRjg
2024-01-20 17:15:25,499     INFO start
2024-01-20 17:15:25,499    DEBUG debug: ON
2024-01-20 17:15:25,500     INFO GAS_DEPLOY_ID: AKfycbwTUrFRBK0Uxazs2BUVBZBtixwjvj623TyihfXGmqKoB_-JT5IUjmOFhFvJBbKsOZgRjg
2024-01-20 17:15:27,719     INFO start
2024-01-20 17:15:27,720    DEBUG debug: ON
2024-01-20 17:15:29,793     INFO start
2024-01-20 17:15:29,793    DEBUG debug: ON
2024-01-20 17:15:37,405     INFO start
2024-01-20 17:15:37,406    DEBUG debug: ON
2024-01-20 17:15:37,407     INFO GAS_DEPLOY_ID: AKfycbwTUrFRBK0Uxazs2BUVBZBtixwjvj623TyihfXGmqKoB_-JT5IUjmOFhFvJBbKsOZgRjg
2024-01-21 02:54:42,809     INFO start
2024-01-21 02:54:42,810    DEBUG debug: ON
2024-01-21 02:54:42,810     INFO GAS_DEPLOY_ID: AKfycbwTUrFRBK0Uxazs2BUVBZBtixwjvj623TyihfXGmqKoB_-JT5IUjmOFhFvJBbKsOZgRjg
2024-01-21 02:56:04,237     INFO start
2024-01-21 02:56:04,237    DEBUG debug: ON
2024-01-21 02:56:04,237     INFO GAS_DEPLOY_ID: AKfycbwTUrFRBK0Uxazs2BUVBZBtixwjvj623TyihfXGmqKoB_-JT5IUjmOFhFvJBbKsOZgRjg
2024-01-21 02:56:25,042     INFO start
2024-01-21 02:56:25,042    DEBUG debug: ON
2024-01-21 02:56:25,043     INFO GAS_DEPLOY_ID: AKfycbwTUrFRBK0Uxazs2BUVBZBtixwjvj623TyihfXGmqKoB_-JT5IUjmOFhFvJBbKsOZgRjg
2024-01-21 02:56:31,726     INFO get_calendar: 2024-01-21 - 2024-01-21 achievement: False
2024-01-21 02:56:31,726     INFO Authorization: None
2024-01-21 02:57:05,932     INFO get_calendar: 2024-01-21 - 2024-01-21 achievement: False
2024-01-21 02:57:05,935     INFO Authorization: Bearer AKfycbwTUrFRBK0Uxazs2BUVBZBtixwjvj623TyihfXGmqKoB_-JT5IUjmOFhFvJBbKsOZgRjg
2024-01-21 02:57:09,450     INFO []
2024-01-21 03:01:30,531     INFO start
2024-01-21 03:01:30,531    DEBUG debug: ON
2024-01-21 03:01:30,531     INFO GAS_DEPLOY_ID: AKfycbwTUrFRBK0Uxazs2BUVBZBtixwjvj623TyihfXGmqKoB_-JT5IUjmOFhFvJBbKsOZgRjg
2024-01-21 03:06:15,414     INFO start
2024-01-21 03:06:15,415    DEBUG debug: ON
2024-01-21 03:06:15,415     INFO GAS_DEPLOY_ID: AKfycbwTUrFRBK0Uxazs2BUVBZBtixwjvj623TyihfXGmqKoB_-JT5IUjmOFhFvJBbKsOZgRjg
2024-01-21 03:06:17,837     INFO start
2024-01-21 03:06:17,837    DEBUG debug: ON
2024-01-21 03:06:17,837     INFO GAS_DEPLOY_ID: AKfycbwTUrFRBK0Uxazs2BUVBZBtixwjvj623TyihfXGmqKoB_-JT5IUjmOFhFvJBbKsOZgRjg
2024-01-21 03:06:21,895     INFO start
2024-01-21 03:06:21,896    DEBUG debug: ON
2024-01-21 03:06:21,896     INFO GAS_DEPLOY_ID: AKfycbwTUrFRBK0Uxazs2BUVBZBtixwjvj623TyihfXGmqKoB_-JT5IUjmOFhFvJBbKsOZgRjg
2024-01-21 03:06:24,911     INFO start
2024-01-21 03:06:24,911    DEBUG debug: ON
2024-01-21 03:06:24,911     INFO GAS_DEPLOY_ID: AKfycbwTUrFRBK0Uxazs2BUVBZBtixwjvj623TyihfXGmqKoB_-JT5IUjmOFhFvJBbKsOZgRjg
2024-01-21 03:06:28,745     INFO start
2024-01-21 03:06:28,745    DEBUG debug: ON
2024-01-21 03:06:28,745     INFO GAS_DEPLOY_ID: AKfycbwTUrFRBK0Uxazs2BUVBZBtixwjvj623TyihfXGmqKoB_-JT5IUjmOFhFvJBbKsOZgRjg
2024-01-21 03:06:44,865     INFO start
2024-01-21 03:06:44,865    DEBUG debug: ON
2024-01-21 03:06:44,866     INFO GAS_DEPLOY_ID: AKfycbwTUrFRBK0Uxazs2BUVBZBtixwjvj623TyihfXGmqKoB_-JT5IUjmOFhFvJBbKsOZgRjg
2024-01-21 03:06:49,641     INFO start
2024-01-21 03:06:49,642    DEBUG debug: ON
2024-01-21 03:06:49,642     INFO GAS_DEPLOY_ID: AKfycbwTUrFRBK0Uxazs2BUVBZBtixwjvj623TyihfXGmqKoB_-JT5IUjmOFhFvJBbKsOZgRjg
2024-01-21 03:06:51,692     INFO start
2024-01-21 03:06:51,692    DEBUG debug: ON
2024-01-21 03:06:51,692     INFO GAS_DEPLOY_ID: AKfycbwTUrFRBK0Uxazs2BUVBZBtixwjvj623TyihfXGmqKoB_-JT5IUjmOFhFvJBbKsOZgRjg
2024-01-21 03:07:43,859     INFO start
2024-01-21 03:07:43,859    DEBUG debug: ON
2024-01-21 03:07:43,859     INFO GAS_DEPLOY_ID: AKfycbwTUrFRBK0Uxazs2BUVBZBtixwjvj623TyihfXGmqKoB_-JT5IUjmOFhFvJBbKsOZgRjg
2024-01-21 03:07:51,726     INFO start
2024-01-21 03:07:51,726    DEBUG debug: ON
2024-01-21 03:07:51,726     INFO GAS_DEPLOY_ID: AKfycbwTUrFRBK0Uxazs2BUVBZBtixwjvj623TyihfXGmqKoB_-JT5IUjmOFhFvJBbKsOZgRjg
2024-01-21 03:09:01,132     INFO start
2024-01-21 03:09:01,132    DEBUG debug: ON
2024-01-21 03:09:01,132     INFO GAS_DEPLOY_ID: AKfycbwTUrFRBK0Uxazs2BUVBZBtixwjvj623TyihfXGmqKoB_-JT5IUjmOFhFvJBbKsOZgRjg
2024-01-21 03:09:05,470     INFO start
2024-01-21 03:09:05,470    DEBUG debug: ON
2024-01-21 03:09:05,471     INFO GAS_DEPLOY_ID: AKfycbwTUrFRBK0Uxazs2BUVBZBtixwjvj623TyihfXGmqKoB_-JT5IUjmOFhFvJBbKsOZgRjg
2024-01-21 03:09:08,716     INFO start
2024-01-21 03:09:08,716    DEBUG debug: ON
2024-01-21 03:09:08,716     INFO GAS_DEPLOY_ID: AKfycbwTUrFRBK0Uxazs2BUVBZBtixwjvj623TyihfXGmqKoB_-JT5IUjmOFhFvJBbKsOZgRjg
2024-01-21 03:09:12,475     INFO start
2024-01-21 03:09:12,475    DEBUG debug: ON
2024-01-21 03:09:12,476     INFO GAS_DEPLOY_ID: AKfycbwTUrFRBK0Uxazs2BUVBZBtixwjvj623TyihfXGmqKoB_-JT5IUjmOFhFvJBbKsOZgRjg
2024-01-21 03:09:13,675     INFO start
2024-01-21 03:09:13,675    DEBUG debug: ON
2024-01-21 03:09:13,676     INFO GAS_DEPLOY_ID: AKfycbwTUrFRBK0Uxazs2BUVBZBtixwjvj623TyihfXGmqKoB_-JT5IUjmOFhFvJBbKsOZgRjg
2024-01-21 03:09:17,726     INFO start
2024-01-21 03:09:17,726    DEBUG debug: ON
2024-01-21 03:09:17,727     INFO GAS_DEPLOY_ID: AKfycbwTUrFRBK0Uxazs2BUVBZBtixwjvj623TyihfXGmqKoB_-JT5IUjmOFhFvJBbKsOZgRjg
2024-01-21 03:09:20,265     INFO start
2024-01-21 03:09:20,265    DEBUG debug: ON
2024-01-21 03:09:20,266     INFO GAS_DEPLOY_ID: AKfycbwTUrFRBK0Uxazs2BUVBZBtixwjvj623TyihfXGmqKoB_-JT5IUjmOFhFvJBbKsOZgRjg
2024-01-21 03:10:37,616     INFO start
2024-01-21 03:10:37,617    DEBUG debug: ON
2024-01-21 03:10:37,617     INFO GAS_DEPLOY_ID: AKfycbwTUrFRBK0Uxazs2BUVBZBtixwjvj623TyihfXGmqKoB_-JT5IUjmOFhFvJBbKsOZgRjg
2024-01-21 03:10:38,738     INFO start
2024-01-21 03:10:38,738    DEBUG debug: ON
2024-01-21 03:10:38,738     INFO GAS_DEPLOY_ID: AKfycbwTUrFRBK0Uxazs2BUVBZBtixwjvj623TyihfXGmqKoB_-JT5IUjmOFhFvJBbKsOZgRjg
2024-01-21 03:10:46,333     INFO start
2024-01-21 03:10:46,333    DEBUG debug: ON
2024-01-21 03:10:46,334     INFO GAS_DEPLOY_ID: AKfycbwTUrFRBK0Uxazs2BUVBZBtixwjvj623TyihfXGmqKoB_-JT5IUjmOFhFvJBbKsOZgRjg
2024-01-21 03:10:48,825     INFO start
2024-01-21 03:10:48,825    DEBUG debug: ON
2024-01-21 03:10:48,825     INFO GAS_DEPLOY_ID: AKfycbwTUrFRBK0Uxazs2BUVBZBtixwjvj623TyihfXGmqKoB_-JT5IUjmOFhFvJBbKsOZgRjg
2024-01-21 03:10:51,034     INFO start
2024-01-21 03:10:51,035    DEBUG debug: ON
2024-01-21 03:10:51,035     INFO GAS_DEPLOY_ID: AKfycbwTUrFRBK0Uxazs2BUVBZBtixwjvj623TyihfXGmqKoB_-JT5IUjmOFhFvJBbKsOZgRjg
2024-01-21 03:10:51,788     INFO start
2024-01-21 03:10:51,788    DEBUG debug: ON
2024-01-21 03:10:51,788     INFO GAS_DEPLOY_ID: AKfycbwTUrFRBK0Uxazs2BUVBZBtixwjvj623TyihfXGmqKoB_-JT5IUjmOFhFvJBbKsOZgRjg
2024-01-21 03:11:48,534     INFO start
2024-01-21 03:11:48,534    DEBUG debug: ON
2024-01-21 03:11:48,535     INFO GAS_DEPLOY_ID: AKfycbwTUrFRBK0Uxazs2BUVBZBtixwjvj623TyihfXGmqKoB_-JT5IUjmOFhFvJBbKsOZgRjg
2024-01-21 03:11:52,221     INFO start
2024-01-21 03:11:52,222    DEBUG debug: ON
2024-01-21 03:11:52,223     INFO GAS_DEPLOY_ID: AKfycbwTUrFRBK0Uxazs2BUVBZBtixwjvj623TyihfXGmqKoB_-JT5IUjmOFhFvJBbKsOZgRjg
2024-01-21 03:11:57,543     INFO start
2024-01-21 03:11:57,543    DEBUG debug: ON
2024-01-21 03:11:57,544     INFO GAS_DEPLOY_ID: AKfycbwTUrFRBK0Uxazs2BUVBZBtixwjvj623TyihfXGmqKoB_-JT5IUjmOFhFvJBbKsOZgRjg
2024-01-21 03:11:58,825     INFO start
2024-01-21 03:11:58,826    DEBUG debug: ON
2024-01-21 03:11:58,826     INFO GAS_DEPLOY_ID: AKfycbwTUrFRBK0Uxazs2BUVBZBtixwjvj623TyihfXGmqKoB_-JT5IUjmOFhFvJBbKsOZgRjg
2024-01-21 03:12:01,793     INFO start
2024-01-21 03:12:01,793    DEBUG debug: ON
2024-01-21 03:12:01,793     INFO GAS_DEPLOY_ID: AKfycbwTUrFRBK0Uxazs2BUVBZBtixwjvj623TyihfXGmqKoB_-JT5IUjmOFhFvJBbKsOZgRjg
2024-01-21 03:12:09,206     INFO start
2024-01-21 03:12:09,206    DEBUG debug: ON
2024-01-21 03:12:09,206     INFO GAS_DEPLOY_ID: AKfycbwTUrFRBK0Uxazs2BUVBZBtixwjvj623TyihfXGmqKoB_-JT5IUjmOFhFvJBbKsOZgRjg
2024-01-21 03:12:15,669     INFO start
2024-01-21 03:12:15,669    DEBUG debug: ON
2024-01-21 03:12:15,669     INFO GAS_DEPLOY_ID: AKfycbwTUrFRBK0Uxazs2BUVBZBtixwjvj623TyihfXGmqKoB_-JT5IUjmOFhFvJBbKsOZgRjg
2024-01-21 03:12:20,371     INFO start
2024-01-21 03:12:20,372    DEBUG debug: ON
2024-01-21 03:12:20,372     INFO GAS_DEPLOY_ID: AKfycbwTUrFRBK0Uxazs2BUVBZBtixwjvj623TyihfXGmqKoB_-JT5IUjmOFhFvJBbKsOZgRjg
2024-01-21 03:12:24,092     INFO start
2024-01-21 03:12:24,092    DEBUG debug: ON
2024-01-21 03:12:24,093     INFO GAS_DEPLOY_ID: AKfycbwTUrFRBK0Uxazs2BUVBZBtixwjvj623TyihfXGmqKoB_-JT5IUjmOFhFvJBbKsOZgRjg
2024-01-21 03:12:25,846     INFO start
2024-01-21 03:12:25,847    DEBUG debug: ON
2024-01-21 03:12:25,847     INFO GAS_DEPLOY_ID: AKfycbwTUrFRBK0Uxazs2BUVBZBtixwjvj623TyihfXGmqKoB_-JT5IUjmOFhFvJBbKsOZgRjg
2024-01-21 03:12:36,283     INFO start
2024-01-21 03:12:36,284    DEBUG debug: ON
2024-01-21 03:12:36,284     INFO GAS_DEPLOY_ID: AKfycbwTUrFRBK0Uxazs2BUVBZBtixwjvj623TyihfXGmqKoB_-JT5IUjmOFhFvJBbKsOZgRjg
2024-01-21 03:12:41,745     INFO start
2024-01-21 03:12:41,745    DEBUG debug: ON
2024-01-21 03:12:41,745     INFO GAS_DEPLOY_ID: AKfycbwTUrFRBK0Uxazs2BUVBZBtixwjvj623TyihfXGmqKoB_-JT5IUjmOFhFvJBbKsOZgRjg
2024-01-21 03:12:43,165     INFO start
2024-01-21 03:12:43,165    DEBUG debug: ON
2024-01-21 03:12:43,166     INFO GAS_DEPLOY_ID: AKfycbwTUrFRBK0Uxazs2BUVBZBtixwjvj623TyihfXGmqKoB_-JT5IUjmOFhFvJBbKsOZgRjg
2024-01-21 03:12:47,024     INFO start
2024-01-21 03:12:47,025    DEBUG debug: ON
2024-01-21 03:12:47,025     INFO GAS_DEPLOY_ID: AKfycbwTUrFRBK0Uxazs2BUVBZBtixwjvj623TyihfXGmqKoB_-JT5IUjmOFhFvJBbKsOZgRjg
2024-01-21 03:13:01,812     INFO start
2024-01-21 03:13:01,813    DEBUG debug: ON
2024-01-21 03:13:01,813     INFO GAS_DEPLOY_ID: AKfycbwTUrFRBK0Uxazs2BUVBZBtixwjvj623TyihfXGmqKoB_-JT5IUjmOFhFvJBbKsOZgRjg
2024-01-21 03:13:03,556     INFO start
2024-01-21 03:13:03,556    DEBUG debug: ON
2024-01-21 03:13:03,557     INFO GAS_DEPLOY_ID: AKfycbwTUrFRBK0Uxazs2BUVBZBtixwjvj623TyihfXGmqKoB_-JT5IUjmOFhFvJBbKsOZgRjg
2024-01-21 03:13:05,093     INFO start
2024-01-21 03:13:05,093    DEBUG debug: ON
2024-01-21 03:13:05,094     INFO GAS_DEPLOY_ID: AKfycbwTUrFRBK0Uxazs2BUVBZBtixwjvj623TyihfXGmqKoB_-JT5IUjmOFhFvJBbKsOZgRjg
2024-01-21 03:13:06,293     INFO start
2024-01-21 03:13:06,293    DEBUG debug: ON
2024-01-21 03:13:06,293     INFO GAS_DEPLOY_ID: AKfycbwTUrFRBK0Uxazs2BUVBZBtixwjvj623TyihfXGmqKoB_-JT5IUjmOFhFvJBbKsOZgRjg
2024-01-21 03:13:08,049     INFO start
2024-01-21 03:13:08,049    DEBUG debug: ON
2024-01-21 03:13:08,049     INFO GAS_DEPLOY_ID: AKfycbwTUrFRBK0Uxazs2BUVBZBtixwjvj623TyihfXGmqKoB_-JT5IUjmOFhFvJBbKsOZgRjg
2024-01-21 03:13:13,102     INFO start
2024-01-21 03:13:13,102    DEBUG debug: ON
2024-01-21 03:13:13,102     INFO GAS_DEPLOY_ID: AKfycbwTUrFRBK0Uxazs2BUVBZBtixwjvj623TyihfXGmqKoB_-JT5IUjmOFhFvJBbKsOZgRjg
2024-01-21 03:13:14,804     INFO start
2024-01-21 03:13:14,805    DEBUG debug: ON
2024-01-21 03:13:14,805     INFO GAS_DEPLOY_ID: AKfycbwTUrFRBK0Uxazs2BUVBZBtixwjvj623TyihfXGmqKoB_-JT5IUjmOFhFvJBbKsOZgRjg
2024-01-21 03:13:57,160     INFO start
2024-01-21 03:13:57,160    DEBUG debug: ON
2024-01-21 03:13:57,161     INFO GAS_DEPLOY_ID: AKfycbwTUrFRBK0Uxazs2BUVBZBtixwjvj623TyihfXGmqKoB_-JT5IUjmOFhFvJBbKsOZgRjg
2024-01-21 03:13:59,941     INFO start
2024-01-21 03:13:59,942    DEBUG debug: ON
2024-01-21 03:13:59,942     INFO GAS_DEPLOY_ID: AKfycbwTUrFRBK0Uxazs2BUVBZBtixwjvj623TyihfXGmqKoB_-JT5IUjmOFhFvJBbKsOZgRjg
2024-01-21 03:14:02,362     INFO start
2024-01-21 03:14:02,362    DEBUG debug: ON
2024-01-21 03:14:02,362     INFO GAS_DEPLOY_ID: AKfycbwTUrFRBK0Uxazs2BUVBZBtixwjvj623TyihfXGmqKoB_-JT5IUjmOFhFvJBbKsOZgRjg
2024-01-21 03:14:03,855     INFO start
2024-01-21 03:14:03,855    DEBUG debug: ON
2024-01-21 03:14:03,855     INFO GAS_DEPLOY_ID: AKfycbwTUrFRBK0Uxazs2BUVBZBtixwjvj623TyihfXGmqKoB_-JT5IUjmOFhFvJBbKsOZgRjg
2024-01-21 03:14:14,268     INFO start
2024-01-21 03:14:14,268    DEBUG debug: ON
2024-01-21 03:14:14,269     INFO GAS_DEPLOY_ID: AKfycbwTUrFRBK0Uxazs2BUVBZBtixwjvj623TyihfXGmqKoB_-JT5IUjmOFhFvJBbKsOZgRjg
2024-01-21 03:14:15,961     INFO start
2024-01-21 03:14:15,962    DEBUG debug: ON
2024-01-21 03:14:15,962     INFO GAS_DEPLOY_ID: AKfycbwTUrFRBK0Uxazs2BUVBZBtixwjvj623TyihfXGmqKoB_-JT5IUjmOFhFvJBbKsOZgRjg
2024-01-21 03:14:16,686     INFO start
2024-01-21 03:14:16,686    DEBUG debug: ON
2024-01-21 03:14:16,686     INFO GAS_DEPLOY_ID: AKfycbwTUrFRBK0Uxazs2BUVBZBtixwjvj623TyihfXGmqKoB_-JT5IUjmOFhFvJBbKsOZgRjg
2024-01-21 03:14:20,229     INFO start
2024-01-21 03:14:20,229    DEBUG debug: ON
2024-01-21 03:14:20,229     INFO GAS_DEPLOY_ID: AKfycbwTUrFRBK0Uxazs2BUVBZBtixwjvj623TyihfXGmqKoB_-JT5IUjmOFhFvJBbKsOZgRjg
2024-01-21 03:14:22,011     INFO start
2024-01-21 03:14:22,011    DEBUG debug: ON
2024-01-21 03:14:22,011     INFO GAS_DEPLOY_ID: AKfycbwTUrFRBK0Uxazs2BUVBZBtixwjvj623TyihfXGmqKoB_-JT5IUjmOFhFvJBbKsOZgRjg
2024-01-21 03:14:25,760     INFO start
2024-01-21 03:14:25,761    DEBUG debug: ON
2024-01-21 03:14:25,761     INFO GAS_DEPLOY_ID: AKfycbwTUrFRBK0Uxazs2BUVBZBtixwjvj623TyihfXGmqKoB_-JT5IUjmOFhFvJBbKsOZgRjg
2024-01-21 03:14:34,674     INFO start
2024-01-21 03:14:34,674    DEBUG debug: ON
2024-01-21 03:14:34,674     INFO GAS_DEPLOY_ID: AKfycbwTUrFRBK0Uxazs2BUVBZBtixwjvj623TyihfXGmqKoB_-JT5IUjmOFhFvJBbKsOZgRjg
2024-01-21 03:14:47,412     INFO start
2024-01-21 03:14:47,412    DEBUG debug: ON
2024-01-21 03:14:47,413     INFO GAS_DEPLOY_ID: AKfycbwTUrFRBK0Uxazs2BUVBZBtixwjvj623TyihfXGmqKoB_-JT5IUjmOFhFvJBbKsOZgRjg
2024-01-21 03:14:48,330     INFO start
2024-01-21 03:14:48,330    DEBUG debug: ON
2024-01-21 03:14:48,330     INFO GAS_DEPLOY_ID: AKfycbwTUrFRBK0Uxazs2BUVBZBtixwjvj623TyihfXGmqKoB_-JT5IUjmOFhFvJBbKsOZgRjg
2024-01-21 03:15:03,495     INFO start
2024-01-21 03:15:03,496    DEBUG debug: ON
2024-01-21 03:15:03,496     INFO GAS_DEPLOY_ID: AKfycbwTUrFRBK0Uxazs2BUVBZBtixwjvj623TyihfXGmqKoB_-JT5IUjmOFhFvJBbKsOZgRjg
2024-01-21 03:15:04,184     INFO start
2024-01-21 03:15:04,184    DEBUG debug: ON
2024-01-21 03:15:04,185     INFO GAS_DEPLOY_ID: AKfycbwTUrFRBK0Uxazs2BUVBZBtixwjvj623TyihfXGmqKoB_-JT5IUjmOFhFvJBbKsOZgRjg
2024-01-21 03:15:41,844     INFO start
2024-01-21 03:15:41,845    DEBUG debug: ON
2024-01-21 03:15:41,846     INFO GAS_DEPLOY_ID: AKfycbwTUrFRBK0Uxazs2BUVBZBtixwjvj623TyihfXGmqKoB_-JT5IUjmOFhFvJBbKsOZgRjg
2024-01-21 03:15:44,897     INFO start
2024-01-21 03:15:44,897    DEBUG debug: ON
2024-01-21 03:15:44,897     INFO GAS_DEPLOY_ID: AKfycbwTUrFRBK0Uxazs2BUVBZBtixwjvj623TyihfXGmqKoB_-JT5IUjmOFhFvJBbKsOZgRjg
2024-01-21 03:15:49,692     INFO start
2024-01-21 03:15:49,692    DEBUG debug: ON
2024-01-21 03:15:49,693     INFO GAS_DEPLOY_ID: AKfycbwTUrFRBK0Uxazs2BUVBZBtixwjvj623TyihfXGmqKoB_-JT5IUjmOFhFvJBbKsOZgRjg
2024-01-21 03:15:51,696     INFO start
2024-01-21 03:15:51,696    DEBUG debug: ON
2024-01-21 03:15:51,697     INFO GAS_DEPLOY_ID: AKfycbwTUrFRBK0Uxazs2BUVBZBtixwjvj623TyihfXGmqKoB_-JT5IUjmOFhFvJBbKsOZgRjg
2024-01-21 03:15:55,472     INFO start
2024-01-21 03:15:55,472    DEBUG debug: ON
2024-01-21 03:15:55,472     INFO GAS_DEPLOY_ID: AKfycbwTUrFRBK0Uxazs2BUVBZBtixwjvj623TyihfXGmqKoB_-JT5IUjmOFhFvJBbKsOZgRjg
2024-01-21 03:16:02,696     INFO start
2024-01-21 03:16:02,697    DEBUG debug: ON
2024-01-21 03:16:02,697     INFO GAS_DEPLOY_ID: AKfycbwTUrFRBK0Uxazs2BUVBZBtixwjvj623TyihfXGmqKoB_-JT5IUjmOFhFvJBbKsOZgRjg
2024-01-21 03:16:06,275     INFO start
2024-01-21 03:16:06,275    DEBUG debug: ON
2024-01-21 03:16:06,276     INFO GAS_DEPLOY_ID: AKfycbwTUrFRBK0Uxazs2BUVBZBtixwjvj623TyihfXGmqKoB_-JT5IUjmOFhFvJBbKsOZgRjg
2024-01-21 03:16:25,693     INFO start
2024-01-21 03:16:25,694    DEBUG debug: ON
2024-01-21 03:16:25,694     INFO GAS_DEPLOY_ID: AKfycbwTUrFRBK0Uxazs2BUVBZBtixwjvj623TyihfXGmqKoB_-JT5IUjmOFhFvJBbKsOZgRjg
2024-01-21 03:16:29,716     INFO start
2024-01-21 03:16:29,716    DEBUG debug: ON
2024-01-21 03:16:29,717     INFO GAS_DEPLOY_ID: AKfycbwTUrFRBK0Uxazs2BUVBZBtixwjvj623TyihfXGmqKoB_-JT5IUjmOFhFvJBbKsOZgRjg
2024-01-21 03:16:34,087     INFO start
2024-01-21 03:16:34,087    DEBUG debug: ON
2024-01-21 03:16:34,087     INFO GAS_DEPLOY_ID: AKfycbwTUrFRBK0Uxazs2BUVBZBtixwjvj623TyihfXGmqKoB_-JT5IUjmOFhFvJBbKsOZgRjg
2024-01-21 03:16:52,335     INFO start
2024-01-21 03:16:52,335    DEBUG debug: ON
2024-01-21 03:16:52,335     INFO GAS_DEPLOY_ID: AKfycbwTUrFRBK0Uxazs2BUVBZBtixwjvj623TyihfXGmqKoB_-JT5IUjmOFhFvJBbKsOZgRjg
2024-01-21 03:16:54,058     INFO start
2024-01-21 03:16:54,058    DEBUG debug: ON
2024-01-21 03:16:54,059     INFO GAS_DEPLOY_ID: AKfycbwTUrFRBK0Uxazs2BUVBZBtixwjvj623TyihfXGmqKoB_-JT5IUjmOFhFvJBbKsOZgRjg
2024-01-21 03:17:06,817     INFO start
2024-01-21 03:17:06,818    DEBUG debug: ON
2024-01-21 03:17:06,818     INFO GAS_DEPLOY_ID: AKfycbwTUrFRBK0Uxazs2BUVBZBtixwjvj623TyihfXGmqKoB_-JT5IUjmOFhFvJBbKsOZgRjg
2024-01-21 03:17:14,712     INFO start
2024-01-21 03:17:14,713    DEBUG debug: ON
2024-01-21 03:17:14,713     INFO GAS_DEPLOY_ID: AKfycbwTUrFRBK0Uxazs2BUVBZBtixwjvj623TyihfXGmqKoB_-JT5IUjmOFhFvJBbKsOZgRjg
2024-01-21 03:17:17,516     INFO start
2024-01-21 03:17:17,516    DEBUG debug: ON
2024-01-21 03:17:17,516     INFO GAS_DEPLOY_ID: AKfycbwTUrFRBK0Uxazs2BUVBZBtixwjvj623TyihfXGmqKoB_-JT5IUjmOFhFvJBbKsOZgRjg
2024-01-21 03:17:22,796     INFO start
2024-01-21 03:17:22,796    DEBUG debug: ON
2024-01-21 03:17:22,796     INFO GAS_DEPLOY_ID: AKfycbwTUrFRBK0Uxazs2BUVBZBtixwjvj623TyihfXGmqKoB_-JT5IUjmOFhFvJBbKsOZgRjg
2024-01-21 03:17:26,143     INFO start
2024-01-21 03:17:26,144    DEBUG debug: ON
2024-01-21 03:17:26,144     INFO GAS_DEPLOY_ID: AKfycbwTUrFRBK0Uxazs2BUVBZBtixwjvj623TyihfXGmqKoB_-JT5IUjmOFhFvJBbKsOZgRjg
2024-01-21 03:17:33,242     INFO start
2024-01-21 03:17:33,243    DEBUG debug: ON
2024-01-21 03:17:33,243     INFO GAS_DEPLOY_ID: AKfycbwTUrFRBK0Uxazs2BUVBZBtixwjvj623TyihfXGmqKoB_-JT5IUjmOFhFvJBbKsOZgRjg
2024-01-21 03:17:35,781     INFO start
2024-01-21 03:17:35,781    DEBUG debug: ON
2024-01-21 03:17:35,781     INFO GAS_DEPLOY_ID: AKfycbwTUrFRBK0Uxazs2BUVBZBtixwjvj623TyihfXGmqKoB_-JT5IUjmOFhFvJBbKsOZgRjg
2024-01-21 03:17:40,329     INFO start
2024-01-21 03:17:40,329    DEBUG debug: ON
2024-01-21 03:17:40,330     INFO GAS_DEPLOY_ID: AKfycbwTUrFRBK0Uxazs2BUVBZBtixwjvj623TyihfXGmqKoB_-JT5IUjmOFhFvJBbKsOZgRjg
2024-01-21 03:17:44,132     INFO start
2024-01-21 03:17:44,133    DEBUG debug: ON
2024-01-21 03:17:44,133     INFO GAS_DEPLOY_ID: AKfycbwTUrFRBK0Uxazs2BUVBZBtixwjvj623TyihfXGmqKoB_-JT5IUjmOFhFvJBbKsOZgRjg
2024-01-21 03:17:47,666     INFO start
2024-01-21 03:17:47,666    DEBUG debug: ON
2024-01-21 03:17:47,667     INFO GAS_DEPLOY_ID: AKfycbwTUrFRBK0Uxazs2BUVBZBtixwjvj623TyihfXGmqKoB_-JT5IUjmOFhFvJBbKsOZgRjg
2024-01-21 03:17:54,235     INFO start
2024-01-21 03:17:54,235    DEBUG debug: ON
2024-01-21 03:17:54,235     INFO GAS_DEPLOY_ID: AKfycbwTUrFRBK0Uxazs2BUVBZBtixwjvj623TyihfXGmqKoB_-JT5IUjmOFhFvJBbKsOZgRjg
2024-01-21 03:18:00,609     INFO start
2024-01-21 03:18:00,610    DEBUG debug: ON
2024-01-21 03:18:00,610     INFO GAS_DEPLOY_ID: AKfycbwTUrFRBK0Uxazs2BUVBZBtixwjvj623TyihfXGmqKoB_-JT5IUjmOFhFvJBbKsOZgRjg
2024-01-21 03:18:03,641     INFO start
2024-01-21 03:18:03,642    DEBUG debug: ON
2024-01-21 03:18:03,642     INFO GAS_DEPLOY_ID: AKfycbwTUrFRBK0Uxazs2BUVBZBtixwjvj623TyihfXGmqKoB_-JT5IUjmOFhFvJBbKsOZgRjg
2024-01-21 03:18:06,685     INFO start
2024-01-21 03:18:06,685    DEBUG debug: ON
2024-01-21 03:18:06,685     INFO GAS_DEPLOY_ID: AKfycbwTUrFRBK0Uxazs2BUVBZBtixwjvj623TyihfXGmqKoB_-JT5IUjmOFhFvJBbKsOZgRjg
2024-01-21 03:18:11,460     INFO start
2024-01-21 03:18:11,461    DEBUG debug: ON
2024-01-21 03:18:11,461     INFO GAS_DEPLOY_ID: AKfycbwTUrFRBK0Uxazs2BUVBZBtixwjvj623TyihfXGmqKoB_-JT5IUjmOFhFvJBbKsOZgRjg
2024-01-21 03:18:15,492     INFO start
2024-01-21 03:18:15,492    DEBUG debug: ON
2024-01-21 03:18:15,493     INFO GAS_DEPLOY_ID: AKfycbwTUrFRBK0Uxazs2BUVBZBtixwjvj623TyihfXGmqKoB_-JT5IUjmOFhFvJBbKsOZgRjg
2024-01-21 03:18:18,255     INFO start
2024-01-21 03:18:18,255    DEBUG debug: ON
2024-01-21 03:18:18,256     INFO GAS_DEPLOY_ID: AKfycbwTUrFRBK0Uxazs2BUVBZBtixwjvj623TyihfXGmqKoB_-JT5IUjmOFhFvJBbKsOZgRjg
2024-01-21 03:18:25,919     INFO start
2024-01-21 03:18:25,919    DEBUG debug: ON
2024-01-21 03:18:25,919     INFO GAS_DEPLOY_ID: AKfycbwTUrFRBK0Uxazs2BUVBZBtixwjvj623TyihfXGmqKoB_-JT5IUjmOFhFvJBbKsOZgRjg
2024-01-21 03:18:27,701     INFO start
2024-01-21 03:18:27,701    DEBUG debug: ON
2024-01-21 03:18:27,702     INFO GAS_DEPLOY_ID: AKfycbwTUrFRBK0Uxazs2BUVBZBtixwjvj623TyihfXGmqKoB_-JT5IUjmOFhFvJBbKsOZgRjg
2024-01-21 03:19:08,577     INFO start
2024-01-21 03:19:08,578    DEBUG debug: ON
2024-01-21 03:19:08,578     INFO GAS_DEPLOY_ID: AKfycbwTUrFRBK0Uxazs2BUVBZBtixwjvj623TyihfXGmqKoB_-JT5IUjmOFhFvJBbKsOZgRjg
2024-01-21 03:19:10,333     INFO start
2024-01-21 03:19:10,333    DEBUG debug: ON
2024-01-21 03:19:10,333     INFO GAS_DEPLOY_ID: AKfycbwTUrFRBK0Uxazs2BUVBZBtixwjvj623TyihfXGmqKoB_-JT5IUjmOFhFvJBbKsOZgRjg
2024-01-21 03:19:12,573     INFO start
2024-01-21 03:19:12,573    DEBUG debug: ON
2024-01-21 03:19:12,574     INFO GAS_DEPLOY_ID: AKfycbwTUrFRBK0Uxazs2BUVBZBtixwjvj623TyihfXGmqKoB_-JT5IUjmOFhFvJBbKsOZgRjg
2024-01-21 03:19:16,823     INFO start
2024-01-21 03:19:16,824    DEBUG debug: ON
2024-01-21 03:19:16,824     INFO GAS_DEPLOY_ID: AKfycbwTUrFRBK0Uxazs2BUVBZBtixwjvj623TyihfXGmqKoB_-JT5IUjmOFhFvJBbKsOZgRjg
2024-01-21 03:19:18,326     INFO start
2024-01-21 03:19:18,326    DEBUG debug: ON
2024-01-21 03:19:18,326     INFO GAS_DEPLOY_ID: AKfycbwTUrFRBK0Uxazs2BUVBZBtixwjvj623TyihfXGmqKoB_-JT5IUjmOFhFvJBbKsOZgRjg
2024-01-21 03:19:19,824     INFO start
2024-01-21 03:19:19,825    DEBUG debug: ON
2024-01-21 03:19:19,825     INFO GAS_DEPLOY_ID: AKfycbwTUrFRBK0Uxazs2BUVBZBtixwjvj623TyihfXGmqKoB_-JT5IUjmOFhFvJBbKsOZgRjg
2024-01-21 03:19:43,950     INFO start
2024-01-21 03:19:43,952    DEBUG debug: ON
2024-01-21 03:19:43,952     INFO GAS_DEPLOY_ID: AKfycbwTUrFRBK0Uxazs2BUVBZBtixwjvj623TyihfXGmqKoB_-JT5IUjmOFhFvJBbKsOZgRjg
2024-01-21 03:19:44,858     INFO start
2024-01-21 03:19:44,858    DEBUG debug: ON
2024-01-21 03:19:44,859     INFO GAS_DEPLOY_ID: AKfycbwTUrFRBK0Uxazs2BUVBZBtixwjvj623TyihfXGmqKoB_-JT5IUjmOFhFvJBbKsOZgRjg
2024-01-21 03:19:46,872     INFO start
2024-01-21 03:19:46,873    DEBUG debug: ON
2024-01-21 03:19:46,873     INFO GAS_DEPLOY_ID: AKfycbwTUrFRBK0Uxazs2BUVBZBtixwjvj623TyihfXGmqKoB_-JT5IUjmOFhFvJBbKsOZgRjg
2024-01-21 03:20:06,825     INFO start
2024-01-21 03:20:06,825    DEBUG debug: ON
2024-01-21 03:20:06,826     INFO GAS_DEPLOY_ID: AKfycbwTUrFRBK0Uxazs2BUVBZBtixwjvj623TyihfXGmqKoB_-JT5IUjmOFhFvJBbKsOZgRjg
2024-01-21 03:20:10,178     INFO start
2024-01-21 03:20:10,178    DEBUG debug: ON
2024-01-21 03:20:10,178     INFO GAS_DEPLOY_ID: AKfycbwTUrFRBK0Uxazs2BUVBZBtixwjvj623TyihfXGmqKoB_-JT5IUjmOFhFvJBbKsOZgRjg
2024-01-21 03:20:16,562     INFO start
2024-01-21 03:20:16,563    DEBUG debug: ON
2024-01-21 03:20:16,564     INFO GAS_DEPLOY_ID: AKfycbwTUrFRBK0Uxazs2BUVBZBtixwjvj623TyihfXGmqKoB_-JT5IUjmOFhFvJBbKsOZgRjg
2024-01-21 03:20:19,607     INFO start
2024-01-21 03:20:19,608    DEBUG debug: ON
2024-01-21 03:20:19,608     INFO GAS_DEPLOY_ID: AKfycbwTUrFRBK0Uxazs2BUVBZBtixwjvj623TyihfXGmqKoB_-JT5IUjmOFhFvJBbKsOZgRjg
2024-01-21 03:20:22,620     INFO start
2024-01-21 03:20:22,620    DEBUG debug: ON
2024-01-21 03:20:22,620     INFO GAS_DEPLOY_ID: AKfycbwTUrFRBK0Uxazs2BUVBZBtixwjvj623TyihfXGmqKoB_-JT5IUjmOFhFvJBbKsOZgRjg
2024-01-21 03:20:26,186     INFO start
2024-01-21 03:20:26,186    DEBUG debug: ON
2024-01-21 03:20:26,187     INFO GAS_DEPLOY_ID: AKfycbwTUrFRBK0Uxazs2BUVBZBtixwjvj623TyihfXGmqKoB_-JT5IUjmOFhFvJBbKsOZgRjg
2024-01-21 03:20:31,931     INFO start
2024-01-21 03:20:31,932    DEBUG debug: ON
2024-01-21 03:20:31,932     INFO GAS_DEPLOY_ID: AKfycbwTUrFRBK0Uxazs2BUVBZBtixwjvj623TyihfXGmqKoB_-JT5IUjmOFhFvJBbKsOZgRjg
2024-01-21 03:20:36,471     INFO start
2024-01-21 03:20:36,473    DEBUG debug: ON
2024-01-21 03:20:36,474     INFO GAS_DEPLOY_ID: AKfycbwTUrFRBK0Uxazs2BUVBZBtixwjvj623TyihfXGmqKoB_-JT5IUjmOFhFvJBbKsOZgRjg
2024-01-21 03:20:39,522     INFO start
2024-01-21 03:20:39,522    DEBUG debug: ON
2024-01-21 03:20:39,522     INFO GAS_DEPLOY_ID: AKfycbwTUrFRBK0Uxazs2BUVBZBtixwjvj623TyihfXGmqKoB_-JT5IUjmOFhFvJBbKsOZgRjg
2024-01-21 03:20:42,755     INFO start
2024-01-21 03:20:42,756    DEBUG debug: ON
2024-01-21 03:20:42,756     INFO GAS_DEPLOY_ID: AKfycbwTUrFRBK0Uxazs2BUVBZBtixwjvj623TyihfXGmqKoB_-JT5IUjmOFhFvJBbKsOZgRjg
2024-01-21 03:20:46,825     INFO start
2024-01-21 03:20:46,825    DEBUG debug: ON
2024-01-21 03:20:46,825     INFO GAS_DEPLOY_ID: AKfycbwTUrFRBK0Uxazs2BUVBZBtixwjvj623TyihfXGmqKoB_-JT5IUjmOFhFvJBbKsOZgRjg
2024-01-21 03:20:50,876     INFO start
2024-01-21 03:20:50,876    DEBUG debug: ON
2024-01-21 03:20:50,877     INFO GAS_DEPLOY_ID: AKfycbwTUrFRBK0Uxazs2BUVBZBtixwjvj623TyihfXGmqKoB_-JT5IUjmOFhFvJBbKsOZgRjg
2024-01-21 03:21:02,404     INFO start
2024-01-21 03:21:02,404    DEBUG debug: ON
2024-01-21 03:21:02,404     INFO GAS_DEPLOY_ID: AKfycbwTUrFRBK0Uxazs2BUVBZBtixwjvj623TyihfXGmqKoB_-JT5IUjmOFhFvJBbKsOZgRjg
2024-01-21 03:21:04,617     INFO start
2024-01-21 03:21:04,618    DEBUG debug: ON
2024-01-21 03:21:04,618     INFO GAS_DEPLOY_ID: AKfycbwTUrFRBK0Uxazs2BUVBZBtixwjvj623TyihfXGmqKoB_-JT5IUjmOFhFvJBbKsOZgRjg
2024-01-21 03:21:50,855     INFO start
2024-01-21 03:21:50,856    DEBUG debug: ON
2024-01-21 03:21:50,856     INFO GAS_DEPLOY_ID: AKfycbwTUrFRBK0Uxazs2BUVBZBtixwjvj623TyihfXGmqKoB_-JT5IUjmOFhFvJBbKsOZgRjg
2024-01-21 03:21:51,466     INFO start
2024-01-21 03:21:51,467    DEBUG debug: ON
2024-01-21 03:21:51,467     INFO GAS_DEPLOY_ID: AKfycbwTUrFRBK0Uxazs2BUVBZBtixwjvj623TyihfXGmqKoB_-JT5IUjmOFhFvJBbKsOZgRjg
2024-01-21 03:22:17,853     INFO start
2024-01-21 03:22:17,853    DEBUG debug: ON
2024-01-21 03:22:17,853     INFO GAS_DEPLOY_ID: AKfycbwTUrFRBK0Uxazs2BUVBZBtixwjvj623TyihfXGmqKoB_-JT5IUjmOFhFvJBbKsOZgRjg
2024-01-21 03:22:28,560     INFO start
2024-01-21 03:22:28,560    DEBUG debug: ON
2024-01-21 03:22:28,560     INFO GAS_DEPLOY_ID: AKfycbwTUrFRBK0Uxazs2BUVBZBtixwjvj623TyihfXGmqKoB_-JT5IUjmOFhFvJBbKsOZgRjg
2024-01-21 03:22:30,085     INFO start
2024-01-21 03:22:30,085    DEBUG debug: ON
2024-01-21 03:22:30,085     INFO GAS_DEPLOY_ID: AKfycbwTUrFRBK0Uxazs2BUVBZBtixwjvj623TyihfXGmqKoB_-JT5IUjmOFhFvJBbKsOZgRjg
2024-01-21 03:22:52,671     INFO start
2024-01-21 03:22:52,671    DEBUG debug: ON
2024-01-21 03:22:52,671     INFO GAS_DEPLOY_ID: AKfycbwTUrFRBK0Uxazs2BUVBZBtixwjvj623TyihfXGmqKoB_-JT5IUjmOFhFvJBbKsOZgRjg
2024-01-21 03:22:56,393     INFO start
2024-01-21 03:22:56,394    DEBUG debug: ON
2024-01-21 03:22:56,394     INFO GAS_DEPLOY_ID: AKfycbwTUrFRBK0Uxazs2BUVBZBtixwjvj623TyihfXGmqKoB_-JT5IUjmOFhFvJBbKsOZgRjg
2024-01-21 03:22:59,941     INFO start
2024-01-21 03:22:59,942    DEBUG debug: ON
2024-01-21 03:22:59,942     INFO GAS_DEPLOY_ID: AKfycbwTUrFRBK0Uxazs2BUVBZBtixwjvj623TyihfXGmqKoB_-JT5IUjmOFhFvJBbKsOZgRjg
2024-01-21 03:23:02,427     INFO start
2024-01-21 03:23:02,427    DEBUG debug: ON
2024-01-21 03:23:02,427     INFO GAS_DEPLOY_ID: AKfycbwTUrFRBK0Uxazs2BUVBZBtixwjvj623TyihfXGmqKoB_-JT5IUjmOFhFvJBbKsOZgRjg
2024-01-21 03:23:05,469     INFO start
2024-01-21 03:23:05,469    DEBUG debug: ON
2024-01-21 03:23:05,469     INFO GAS_DEPLOY_ID: AKfycbwTUrFRBK0Uxazs2BUVBZBtixwjvj623TyihfXGmqKoB_-JT5IUjmOFhFvJBbKsOZgRjg
2024-01-21 03:23:20,516     INFO start
2024-01-21 03:23:20,517    DEBUG debug: ON
2024-01-21 03:23:20,517     INFO GAS_DEPLOY_ID: AKfycbwTUrFRBK0Uxazs2BUVBZBtixwjvj623TyihfXGmqKoB_-JT5IUjmOFhFvJBbKsOZgRjg
2024-01-21 03:23:25,059     INFO start
2024-01-21 03:23:25,060    DEBUG debug: ON
2024-01-21 03:23:25,061     INFO GAS_DEPLOY_ID: AKfycbwTUrFRBK0Uxazs2BUVBZBtixwjvj623TyihfXGmqKoB_-JT5IUjmOFhFvJBbKsOZgRjg
2024-01-21 03:23:25,777     INFO start
2024-01-21 03:23:25,777    DEBUG debug: ON
2024-01-21 03:23:25,778     INFO GAS_DEPLOY_ID: AKfycbwTUrFRBK0Uxazs2BUVBZBtixwjvj623TyihfXGmqKoB_-JT5IUjmOFhFvJBbKsOZgRjg
2024-01-21 03:23:50,600     INFO start
2024-01-21 03:23:50,601    DEBUG debug: ON
2024-01-21 03:23:50,602     INFO GAS_DEPLOY_ID: AKfycbwTUrFRBK0Uxazs2BUVBZBtixwjvj623TyihfXGmqKoB_-JT5IUjmOFhFvJBbKsOZgRjg
2024-01-21 03:23:52,603     INFO start
2024-01-21 03:23:52,603    DEBUG debug: ON
2024-01-21 03:23:52,604     INFO GAS_DEPLOY_ID: AKfycbwTUrFRBK0Uxazs2BUVBZBtixwjvj623TyihfXGmqKoB_-JT5IUjmOFhFvJBbKsOZgRjg
2024-01-21 03:23:58,795     INFO start
2024-01-21 03:23:58,796    DEBUG debug: ON
2024-01-21 03:23:58,796     INFO GAS_DEPLOY_ID: AKfycbwTUrFRBK0Uxazs2BUVBZBtixwjvj623TyihfXGmqKoB_-JT5IUjmOFhFvJBbKsOZgRjg
2024-01-21 03:24:00,013     INFO start
2024-01-21 03:24:00,013    DEBUG debug: ON
2024-01-21 03:24:00,013     INFO GAS_DEPLOY_ID: AKfycbwTUrFRBK0Uxazs2BUVBZBtixwjvj623TyihfXGmqKoB_-JT5IUjmOFhFvJBbKsOZgRjg
2024-01-21 03:24:04,543     INFO start
2024-01-21 03:24:04,543    DEBUG debug: ON
2024-01-21 03:24:04,544     INFO GAS_DEPLOY_ID: AKfycbwTUrFRBK0Uxazs2BUVBZBtixwjvj623TyihfXGmqKoB_-JT5IUjmOFhFvJBbKsOZgRjg
2024-01-21 03:24:06,287     INFO start
2024-01-21 03:24:06,287    DEBUG debug: ON
2024-01-21 03:24:06,287     INFO GAS_DEPLOY_ID: AKfycbwTUrFRBK0Uxazs2BUVBZBtixwjvj623TyihfXGmqKoB_-JT5IUjmOFhFvJBbKsOZgRjg
2024-01-21 03:24:16,792     INFO start
2024-01-21 03:24:16,793    DEBUG debug: ON
2024-01-21 03:24:16,793     INFO GAS_DEPLOY_ID: AKfycbwTUrFRBK0Uxazs2BUVBZBtixwjvj623TyihfXGmqKoB_-JT5IUjmOFhFvJBbKsOZgRjg
2024-01-21 03:24:18,501     INFO start
2024-01-21 03:24:18,501    DEBUG debug: ON
2024-01-21 03:24:18,501     INFO GAS_DEPLOY_ID: AKfycbwTUrFRBK0Uxazs2BUVBZBtixwjvj623TyihfXGmqKoB_-JT5IUjmOFhFvJBbKsOZgRjg
2024-01-21 03:24:21,785     INFO start
2024-01-21 03:24:21,786    DEBUG debug: ON
2024-01-21 03:24:21,786     INFO GAS_DEPLOY_ID: AKfycbwTUrFRBK0Uxazs2BUVBZBtixwjvj623TyihfXGmqKoB_-JT5IUjmOFhFvJBbKsOZgRjg
2024-01-21 03:24:27,888     INFO start
2024-01-21 03:24:27,888    DEBUG debug: ON
2024-01-21 03:24:27,889     INFO GAS_DEPLOY_ID: AKfycbwTUrFRBK0Uxazs2BUVBZBtixwjvj623TyihfXGmqKoB_-JT5IUjmOFhFvJBbKsOZgRjg
2024-01-21 03:24:29,823     INFO start
2024-01-21 03:24:29,823    DEBUG debug: ON
2024-01-21 03:24:29,823     INFO GAS_DEPLOY_ID: AKfycbwTUrFRBK0Uxazs2BUVBZBtixwjvj623TyihfXGmqKoB_-JT5IUjmOFhFvJBbKsOZgRjg
2024-01-21 03:24:41,064     INFO start
2024-01-21 03:24:41,065    DEBUG debug: ON
2024-01-21 03:24:41,065     INFO GAS_DEPLOY_ID: AKfycbwTUrFRBK0Uxazs2BUVBZBtixwjvj623TyihfXGmqKoB_-JT5IUjmOFhFvJBbKsOZgRjg
2024-01-21 03:24:44,834     INFO start
2024-01-21 03:24:44,834    DEBUG debug: ON
2024-01-21 03:24:44,834     INFO GAS_DEPLOY_ID: AKfycbwTUrFRBK0Uxazs2BUVBZBtixwjvj623TyihfXGmqKoB_-JT5IUjmOFhFvJBbKsOZgRjg
2024-01-21 03:24:57,848     INFO start
2024-01-21 03:24:57,849    DEBUG debug: ON
2024-01-21 03:24:57,849     INFO GAS_DEPLOY_ID: AKfycbwTUrFRBK0Uxazs2BUVBZBtixwjvj623TyihfXGmqKoB_-JT5IUjmOFhFvJBbKsOZgRjg
2024-01-21 03:25:05,717     INFO start
2024-01-21 03:25:05,718    DEBUG debug: ON
2024-01-21 03:25:05,718     INFO GAS_DEPLOY_ID: AKfycbwTUrFRBK0Uxazs2BUVBZBtixwjvj623TyihfXGmqKoB_-JT5IUjmOFhFvJBbKsOZgRjg
2024-01-21 03:25:09,263     INFO start
2024-01-21 03:25:09,263    DEBUG debug: ON
2024-01-21 03:25:09,263     INFO GAS_DEPLOY_ID: AKfycbwTUrFRBK0Uxazs2BUVBZBtixwjvj623TyihfXGmqKoB_-JT5IUjmOFhFvJBbKsOZgRjg
2024-01-21 03:25:18,143     INFO start
2024-01-21 03:25:18,144    DEBUG debug: ON
2024-01-21 03:25:18,144     INFO GAS_DEPLOY_ID: AKfycbwTUrFRBK0Uxazs2BUVBZBtixwjvj623TyihfXGmqKoB_-JT5IUjmOFhFvJBbKsOZgRjg
2024-01-21 03:25:23,697     INFO start
2024-01-21 03:25:23,697    DEBUG debug: ON
2024-01-21 03:25:23,697     INFO GAS_DEPLOY_ID: AKfycbwTUrFRBK0Uxazs2BUVBZBtixwjvj623TyihfXGmqKoB_-JT5IUjmOFhFvJBbKsOZgRjg
2024-01-21 03:25:31,110     INFO start
2024-01-21 03:25:31,110    DEBUG debug: ON
2024-01-21 03:25:31,111     INFO GAS_DEPLOY_ID: AKfycbwTUrFRBK0Uxazs2BUVBZBtixwjvj623TyihfXGmqKoB_-JT5IUjmOFhFvJBbKsOZgRjg
2024-01-21 03:25:35,984     INFO start
2024-01-21 03:25:35,985    DEBUG debug: ON
2024-01-21 03:25:35,985     INFO GAS_DEPLOY_ID: AKfycbwTUrFRBK0Uxazs2BUVBZBtixwjvj623TyihfXGmqKoB_-JT5IUjmOFhFvJBbKsOZgRjg
2024-01-21 03:25:48,361     INFO start
2024-01-21 03:25:48,362    DEBUG debug: ON
2024-01-21 03:25:48,362     INFO GAS_DEPLOY_ID: AKfycbwTUrFRBK0Uxazs2BUVBZBtixwjvj623TyihfXGmqKoB_-JT5IUjmOFhFvJBbKsOZgRjg
2024-01-21 03:25:53,707     INFO start
2024-01-21 03:25:53,707    DEBUG debug: ON
2024-01-21 03:25:53,707     INFO GAS_DEPLOY_ID: AKfycbwTUrFRBK0Uxazs2BUVBZBtixwjvj623TyihfXGmqKoB_-JT5IUjmOFhFvJBbKsOZgRjg
2024-01-21 03:25:57,277     INFO start
2024-01-21 03:25:57,277    DEBUG debug: ON
2024-01-21 03:25:57,277     INFO GAS_DEPLOY_ID: AKfycbwTUrFRBK0Uxazs2BUVBZBtixwjvj623TyihfXGmqKoB_-JT5IUjmOFhFvJBbKsOZgRjg
2024-01-21 03:26:00,501     INFO start
2024-01-21 03:26:00,501    DEBUG debug: ON
2024-01-21 03:26:00,501     INFO GAS_DEPLOY_ID: AKfycbwTUrFRBK0Uxazs2BUVBZBtixwjvj623TyihfXGmqKoB_-JT5IUjmOFhFvJBbKsOZgRjg
2024-01-21 03:26:03,286     INFO start
2024-01-21 03:26:03,286    DEBUG debug: ON
2024-01-21 03:26:03,286     INFO GAS_DEPLOY_ID: AKfycbwTUrFRBK0Uxazs2BUVBZBtixwjvj623TyihfXGmqKoB_-JT5IUjmOFhFvJBbKsOZgRjg
2024-01-21 03:26:05,724     INFO start
2024-01-21 03:26:05,725    DEBUG debug: ON
2024-01-21 03:26:05,725     INFO GAS_DEPLOY_ID: AKfycbwTUrFRBK0Uxazs2BUVBZBtixwjvj623TyihfXGmqKoB_-JT5IUjmOFhFvJBbKsOZgRjg
2024-01-21 03:26:15,619     INFO start
2024-01-21 03:26:15,620    DEBUG debug: ON
2024-01-21 03:26:15,620     INFO GAS_DEPLOY_ID: AKfycbwTUrFRBK0Uxazs2BUVBZBtixwjvj623TyihfXGmqKoB_-JT5IUjmOFhFvJBbKsOZgRjg
2024-01-21 03:26:17,363     INFO start
2024-01-21 03:26:17,364    DEBUG debug: ON
2024-01-21 03:26:17,364     INFO GAS_DEPLOY_ID: AKfycbwTUrFRBK0Uxazs2BUVBZBtixwjvj623TyihfXGmqKoB_-JT5IUjmOFhFvJBbKsOZgRjg
2024-01-21 03:26:20,090     INFO start
2024-01-21 03:26:20,091    DEBUG debug: ON
2024-01-21 03:26:20,091     INFO GAS_DEPLOY_ID: AKfycbwTUrFRBK0Uxazs2BUVBZBtixwjvj623TyihfXGmqKoB_-JT5IUjmOFhFvJBbKsOZgRjg
2024-01-21 03:26:20,802     INFO start
2024-01-21 03:26:20,803    DEBUG debug: ON
2024-01-21 03:26:20,803     INFO GAS_DEPLOY_ID: AKfycbwTUrFRBK0Uxazs2BUVBZBtixwjvj623TyihfXGmqKoB_-JT5IUjmOFhFvJBbKsOZgRjg
2024-01-21 03:26:25,070     INFO start
2024-01-21 03:26:25,070    DEBUG debug: ON
2024-01-21 03:26:25,071     INFO GAS_DEPLOY_ID: AKfycbwTUrFRBK0Uxazs2BUVBZBtixwjvj623TyihfXGmqKoB_-JT5IUjmOFhFvJBbKsOZgRjg
2024-01-21 03:26:41,555     INFO start
2024-01-21 03:26:41,555    DEBUG debug: ON
2024-01-21 03:26:41,556     INFO GAS_DEPLOY_ID: AKfycbwTUrFRBK0Uxazs2BUVBZBtixwjvj623TyihfXGmqKoB_-JT5IUjmOFhFvJBbKsOZgRjg
2024-01-21 03:26:44,819     INFO start
2024-01-21 03:26:44,819    DEBUG debug: ON
2024-01-21 03:26:44,820     INFO GAS_DEPLOY_ID: AKfycbwTUrFRBK0Uxazs2BUVBZBtixwjvj623TyihfXGmqKoB_-JT5IUjmOFhFvJBbKsOZgRjg
2024-01-21 03:26:49,663     INFO start
2024-01-21 03:26:49,664    DEBUG debug: ON
2024-01-21 03:26:49,664     INFO GAS_DEPLOY_ID: AKfycbwTUrFRBK0Uxazs2BUVBZBtixwjvj623TyihfXGmqKoB_-JT5IUjmOFhFvJBbKsOZgRjg
2024-01-21 03:26:52,908     INFO start
2024-01-21 03:26:52,908    DEBUG debug: ON
2024-01-21 03:26:52,909     INFO GAS_DEPLOY_ID: AKfycbwTUrFRBK0Uxazs2BUVBZBtixwjvj623TyihfXGmqKoB_-JT5IUjmOFhFvJBbKsOZgRjg
2024-01-21 03:26:56,648     INFO start
2024-01-21 03:26:56,648    DEBUG debug: ON
2024-01-21 03:26:56,649     INFO GAS_DEPLOY_ID: AKfycbwTUrFRBK0Uxazs2BUVBZBtixwjvj623TyihfXGmqKoB_-JT5IUjmOFhFvJBbKsOZgRjg
2024-01-21 03:27:04,815     INFO start
2024-01-21 03:27:04,815    DEBUG debug: ON
2024-01-21 03:27:04,816     INFO GAS_DEPLOY_ID: AKfycbwTUrFRBK0Uxazs2BUVBZBtixwjvj623TyihfXGmqKoB_-JT5IUjmOFhFvJBbKsOZgRjg
2024-01-21 03:28:17,275     INFO start
2024-01-21 03:28:17,277    DEBUG debug: ON
2024-01-21 03:28:17,277     INFO GAS_DEPLOY_ID: AKfycbwTUrFRBK0Uxazs2BUVBZBtixwjvj623TyihfXGmqKoB_-JT5IUjmOFhFvJBbKsOZgRjg
2024-01-21 03:28:18,010     INFO start
2024-01-21 03:28:18,010    DEBUG debug: ON
2024-01-21 03:28:18,010     INFO GAS_DEPLOY_ID: AKfycbwTUrFRBK0Uxazs2BUVBZBtixwjvj623TyihfXGmqKoB_-JT5IUjmOFhFvJBbKsOZgRjg
2024-01-21 03:28:21,242     INFO start
2024-01-21 03:28:21,242    DEBUG debug: ON
2024-01-21 03:28:21,242     INFO GAS_DEPLOY_ID: AKfycbwTUrFRBK0Uxazs2BUVBZBtixwjvj623TyihfXGmqKoB_-JT5IUjmOFhFvJBbKsOZgRjg
2024-01-21 03:28:45,069     INFO start
2024-01-21 03:28:45,069    DEBUG debug: ON
2024-01-21 03:28:45,070     INFO GAS_DEPLOY_ID: AKfycbwTUrFRBK0Uxazs2BUVBZBtixwjvj623TyihfXGmqKoB_-JT5IUjmOFhFvJBbKsOZgRjg
2024-01-21 03:28:45,769     INFO start
2024-01-21 03:28:45,769    DEBUG debug: ON
2024-01-21 03:28:45,770     INFO GAS_DEPLOY_ID: AKfycbwTUrFRBK0Uxazs2BUVBZBtixwjvj623TyihfXGmqKoB_-JT5IUjmOFhFvJBbKsOZgRjg
2024-01-21 03:28:51,147     INFO start
2024-01-21 03:28:51,148    DEBUG debug: ON
2024-01-21 03:28:51,148     INFO GAS_DEPLOY_ID: AKfycbwTUrFRBK0Uxazs2BUVBZBtixwjvj623TyihfXGmqKoB_-JT5IUjmOFhFvJBbKsOZgRjg
2024-01-21 03:28:54,218     INFO start
2024-01-21 03:28:54,218    DEBUG debug: ON
2024-01-21 03:28:54,218     INFO GAS_DEPLOY_ID: AKfycbwTUrFRBK0Uxazs2BUVBZBtixwjvj623TyihfXGmqKoB_-JT5IUjmOFhFvJBbKsOZgRjg
2024-01-21 03:29:01,323     INFO start
2024-01-21 03:29:01,323    DEBUG debug: ON
2024-01-21 03:29:01,324     INFO GAS_DEPLOY_ID: AKfycbwTUrFRBK0Uxazs2BUVBZBtixwjvj623TyihfXGmqKoB_-JT5IUjmOFhFvJBbKsOZgRjg
2024-01-21 03:29:50,795     INFO start
2024-01-21 03:29:50,797    DEBUG debug: ON
2024-01-21 03:29:50,797     INFO GAS_DEPLOY_ID: AKfycbwTUrFRBK0Uxazs2BUVBZBtixwjvj623TyihfXGmqKoB_-JT5IUjmOFhFvJBbKsOZgRjg
2024-01-21 03:29:52,015     INFO start
2024-01-21 03:29:52,015    DEBUG debug: ON
2024-01-21 03:29:52,015     INFO GAS_DEPLOY_ID: AKfycbwTUrFRBK0Uxazs2BUVBZBtixwjvj623TyihfXGmqKoB_-JT5IUjmOFhFvJBbKsOZgRjg
2024-01-21 03:30:07,397     INFO start
2024-01-21 03:30:07,397    DEBUG debug: ON
2024-01-21 03:30:07,397     INFO GAS_DEPLOY_ID: AKfycbwTUrFRBK0Uxazs2BUVBZBtixwjvj623TyihfXGmqKoB_-JT5IUjmOFhFvJBbKsOZgRjg
2024-01-21 03:30:09,422     INFO start
2024-01-21 03:30:09,422    DEBUG debug: ON
2024-01-21 03:30:09,423     INFO GAS_DEPLOY_ID: AKfycbwTUrFRBK0Uxazs2BUVBZBtixwjvj623TyihfXGmqKoB_-JT5IUjmOFhFvJBbKsOZgRjg
2024-01-21 03:30:11,674     INFO start
2024-01-21 03:30:11,674    DEBUG debug: ON
2024-01-21 03:30:11,674     INFO GAS_DEPLOY_ID: AKfycbwTUrFRBK0Uxazs2BUVBZBtixwjvj623TyihfXGmqKoB_-JT5IUjmOFhFvJBbKsOZgRjg
2024-01-21 03:30:13,916     INFO start
2024-01-21 03:30:13,917    DEBUG debug: ON
2024-01-21 03:30:13,917     INFO GAS_DEPLOY_ID: AKfycbwTUrFRBK0Uxazs2BUVBZBtixwjvj623TyihfXGmqKoB_-JT5IUjmOFhFvJBbKsOZgRjg
2024-01-21 03:30:15,349     INFO start
2024-01-21 03:30:15,350    DEBUG debug: ON
2024-01-21 03:30:15,350     INFO GAS_DEPLOY_ID: AKfycbwTUrFRBK0Uxazs2BUVBZBtixwjvj623TyihfXGmqKoB_-JT5IUjmOFhFvJBbKsOZgRjg
2024-01-21 03:30:21,138     INFO start
2024-01-21 03:30:21,140    DEBUG debug: ON
2024-01-21 03:30:21,140     INFO GAS_DEPLOY_ID: AKfycbwTUrFRBK0Uxazs2BUVBZBtixwjvj623TyihfXGmqKoB_-JT5IUjmOFhFvJBbKsOZgRjg
2024-01-21 03:30:21,848     INFO start
2024-01-21 03:30:21,848    DEBUG debug: ON
2024-01-21 03:30:21,848     INFO GAS_DEPLOY_ID: AKfycbwTUrFRBK0Uxazs2BUVBZBtixwjvj623TyihfXGmqKoB_-JT5IUjmOFhFvJBbKsOZgRjg
2024-01-21 03:30:27,699     INFO start
2024-01-21 03:30:27,700    DEBUG debug: ON
2024-01-21 03:30:27,700     INFO GAS_DEPLOY_ID: AKfycbwTUrFRBK0Uxazs2BUVBZBtixwjvj623TyihfXGmqKoB_-JT5IUjmOFhFvJBbKsOZgRjg
2024-01-21 03:30:34,323     INFO start
2024-01-21 03:30:34,324    DEBUG debug: ON
2024-01-21 03:30:34,325     INFO GAS_DEPLOY_ID: AKfycbwTUrFRBK0Uxazs2BUVBZBtixwjvj623TyihfXGmqKoB_-JT5IUjmOFhFvJBbKsOZgRjg
2024-01-21 03:30:39,971     INFO start
2024-01-21 03:30:39,971    DEBUG debug: ON
2024-01-21 03:30:39,971     INFO GAS_DEPLOY_ID: AKfycbwTUrFRBK0Uxazs2BUVBZBtixwjvj623TyihfXGmqKoB_-JT5IUjmOFhFvJBbKsOZgRjg
2024-01-21 03:30:48,153     INFO start
2024-01-21 03:30:48,154    DEBUG debug: ON
2024-01-21 03:30:48,154     INFO GAS_DEPLOY_ID: AKfycbwTUrFRBK0Uxazs2BUVBZBtixwjvj623TyihfXGmqKoB_-JT5IUjmOFhFvJBbKsOZgRjg
2024-01-21 03:30:48,895     INFO start
2024-01-21 03:30:48,895    DEBUG debug: ON
2024-01-21 03:30:48,895     INFO GAS_DEPLOY_ID: AKfycbwTUrFRBK0Uxazs2BUVBZBtixwjvj623TyihfXGmqKoB_-JT5IUjmOFhFvJBbKsOZgRjg
2024-01-21 03:30:51,421     INFO start
2024-01-21 03:30:51,421    DEBUG debug: ON
2024-01-21 03:30:51,422     INFO GAS_DEPLOY_ID: AKfycbwTUrFRBK0Uxazs2BUVBZBtixwjvj623TyihfXGmqKoB_-JT5IUjmOFhFvJBbKsOZgRjg
2024-01-21 03:30:58,139     INFO start
2024-01-21 03:30:58,140    DEBUG debug: ON
2024-01-21 03:30:58,140     INFO GAS_DEPLOY_ID: AKfycbwTUrFRBK0Uxazs2BUVBZBtixwjvj623TyihfXGmqKoB_-JT5IUjmOFhFvJBbKsOZgRjg
2024-01-21 03:31:08,294     INFO start
2024-01-21 03:31:08,294    DEBUG debug: ON
2024-01-21 03:31:08,294     INFO GAS_DEPLOY_ID: AKfycbwTUrFRBK0Uxazs2BUVBZBtixwjvj623TyihfXGmqKoB_-JT5IUjmOFhFvJBbKsOZgRjg
2024-01-21 03:31:10,509     INFO start
2024-01-21 03:31:10,509    DEBUG debug: ON
2024-01-21 03:31:10,509     INFO GAS_DEPLOY_ID: AKfycbwTUrFRBK0Uxazs2BUVBZBtixwjvj623TyihfXGmqKoB_-JT5IUjmOFhFvJBbKsOZgRjg
2024-01-21 03:31:16,890     INFO start
2024-01-21 03:31:16,892    DEBUG debug: ON
2024-01-21 03:31:16,892     INFO GAS_DEPLOY_ID: AKfycbwTUrFRBK0Uxazs2BUVBZBtixwjvj623TyihfXGmqKoB_-JT5IUjmOFhFvJBbKsOZgRjg
2024-01-21 03:31:18,912     INFO start
2024-01-21 03:31:18,912    DEBUG debug: ON
2024-01-21 03:31:18,913     INFO GAS_DEPLOY_ID: AKfycbwTUrFRBK0Uxazs2BUVBZBtixwjvj623TyihfXGmqKoB_-JT5IUjmOFhFvJBbKsOZgRjg
2024-01-21 03:31:22,152     INFO start
2024-01-21 03:31:22,152    DEBUG debug: ON
2024-01-21 03:31:22,152     INFO GAS_DEPLOY_ID: AKfycbwTUrFRBK0Uxazs2BUVBZBtixwjvj623TyihfXGmqKoB_-JT5IUjmOFhFvJBbKsOZgRjg
2024-01-21 03:31:26,260     INFO start
2024-01-21 03:31:26,261    DEBUG debug: ON
2024-01-21 03:31:26,261     INFO GAS_DEPLOY_ID: AKfycbwTUrFRBK0Uxazs2BUVBZBtixwjvj623TyihfXGmqKoB_-JT5IUjmOFhFvJBbKsOZgRjg
2024-01-21 03:31:32,351     INFO start
2024-01-21 03:31:32,351    DEBUG debug: ON
2024-01-21 03:31:32,352     INFO GAS_DEPLOY_ID: AKfycbwTUrFRBK0Uxazs2BUVBZBtixwjvj623TyihfXGmqKoB_-JT5IUjmOFhFvJBbKsOZgRjg
2024-01-21 03:31:38,239     INFO start
2024-01-21 03:31:38,239    DEBUG debug: ON
2024-01-21 03:31:38,239     INFO GAS_DEPLOY_ID: AKfycbwTUrFRBK0Uxazs2BUVBZBtixwjvj623TyihfXGmqKoB_-JT5IUjmOFhFvJBbKsOZgRjg
2024-01-21 03:31:40,473     INFO start
2024-01-21 03:31:40,474    DEBUG debug: ON
2024-01-21 03:31:40,474     INFO GAS_DEPLOY_ID: AKfycbwTUrFRBK0Uxazs2BUVBZBtixwjvj623TyihfXGmqKoB_-JT5IUjmOFhFvJBbKsOZgRjg
2024-01-21 03:31:44,806     INFO start
2024-01-21 03:31:44,807    DEBUG debug: ON
2024-01-21 03:31:44,808     INFO GAS_DEPLOY_ID: AKfycbwTUrFRBK0Uxazs2BUVBZBtixwjvj623TyihfXGmqKoB_-JT5IUjmOFhFvJBbKsOZgRjg
2024-01-21 03:31:47,026     INFO start
2024-01-21 03:31:47,026    DEBUG debug: ON
2024-01-21 03:31:47,027     INFO GAS_DEPLOY_ID: AKfycbwTUrFRBK0Uxazs2BUVBZBtixwjvj623TyihfXGmqKoB_-JT5IUjmOFhFvJBbKsOZgRjg
2024-01-21 03:31:50,258     INFO start
2024-01-21 03:31:50,258    DEBUG debug: ON
2024-01-21 03:31:50,258     INFO GAS_DEPLOY_ID: AKfycbwTUrFRBK0Uxazs2BUVBZBtixwjvj623TyihfXGmqKoB_-JT5IUjmOFhFvJBbKsOZgRjg
2024-01-21 03:31:53,825     INFO start
2024-01-21 03:31:53,827    DEBUG debug: ON
2024-01-21 03:31:53,827     INFO GAS_DEPLOY_ID: AKfycbwTUrFRBK0Uxazs2BUVBZBtixwjvj623TyihfXGmqKoB_-JT5IUjmOFhFvJBbKsOZgRjg
2024-01-21 03:32:00,413     INFO start
2024-01-21 03:32:00,414    DEBUG debug: ON
2024-01-21 03:32:00,414     INFO GAS_DEPLOY_ID: AKfycbwTUrFRBK0Uxazs2BUVBZBtixwjvj623TyihfXGmqKoB_-JT5IUjmOFhFvJBbKsOZgRjg
2024-01-21 03:32:03,655     INFO start
2024-01-21 03:32:03,655    DEBUG debug: ON
2024-01-21 03:32:03,655     INFO GAS_DEPLOY_ID: AKfycbwTUrFRBK0Uxazs2BUVBZBtixwjvj623TyihfXGmqKoB_-JT5IUjmOFhFvJBbKsOZgRjg
2024-01-21 03:32:04,354     INFO start
2024-01-21 03:32:04,355    DEBUG debug: ON
2024-01-21 03:32:04,355     INFO GAS_DEPLOY_ID: AKfycbwTUrFRBK0Uxazs2BUVBZBtixwjvj623TyihfXGmqKoB_-JT5IUjmOFhFvJBbKsOZgRjg
2024-01-21 03:32:11,189     INFO start
2024-01-21 03:32:11,189    DEBUG debug: ON
2024-01-21 03:32:11,189     INFO GAS_DEPLOY_ID: AKfycbwTUrFRBK0Uxazs2BUVBZBtixwjvj623TyihfXGmqKoB_-JT5IUjmOFhFvJBbKsOZgRjg
2024-01-21 03:32:49,553     INFO start
2024-01-21 03:32:49,555    DEBUG debug: ON
2024-01-21 03:32:49,556     INFO GAS_DEPLOY_ID: AKfycbwTUrFRBK0Uxazs2BUVBZBtixwjvj623TyihfXGmqKoB_-JT5IUjmOFhFvJBbKsOZgRjg
2024-01-21 03:32:51,199     INFO start
2024-01-21 03:32:51,199    DEBUG debug: ON
2024-01-21 03:32:51,199     INFO GAS_DEPLOY_ID: AKfycbwTUrFRBK0Uxazs2BUVBZBtixwjvj623TyihfXGmqKoB_-JT5IUjmOFhFvJBbKsOZgRjg
2024-01-21 03:32:54,426     INFO start
2024-01-21 03:32:54,426    DEBUG debug: ON
2024-01-21 03:32:54,426     INFO GAS_DEPLOY_ID: AKfycbwTUrFRBK0Uxazs2BUVBZBtixwjvj623TyihfXGmqKoB_-JT5IUjmOFhFvJBbKsOZgRjg
2024-01-21 03:32:58,674     INFO start
2024-01-21 03:32:58,676    DEBUG debug: ON
2024-01-21 03:32:58,676     INFO GAS_DEPLOY_ID: AKfycbwTUrFRBK0Uxazs2BUVBZBtixwjvj623TyihfXGmqKoB_-JT5IUjmOFhFvJBbKsOZgRjg
2024-01-21 03:33:00,178     INFO start
2024-01-21 03:33:00,179    DEBUG debug: ON
2024-01-21 03:33:00,179     INFO GAS_DEPLOY_ID: AKfycbwTUrFRBK0Uxazs2BUVBZBtixwjvj623TyihfXGmqKoB_-JT5IUjmOFhFvJBbKsOZgRjg
2024-01-21 03:33:04,209     INFO start
2024-01-21 03:33:04,209    DEBUG debug: ON
2024-01-21 03:33:04,209     INFO GAS_DEPLOY_ID: AKfycbwTUrFRBK0Uxazs2BUVBZBtixwjvj623TyihfXGmqKoB_-JT5IUjmOFhFvJBbKsOZgRjg
2024-01-21 03:33:14,981     INFO start
2024-01-21 03:33:14,983    DEBUG debug: ON
2024-01-21 03:33:14,983     INFO GAS_DEPLOY_ID: AKfycbwTUrFRBK0Uxazs2BUVBZBtixwjvj623TyihfXGmqKoB_-JT5IUjmOFhFvJBbKsOZgRjg
2024-01-21 03:33:30,576     INFO start
2024-01-21 03:33:30,577    DEBUG debug: ON
2024-01-21 03:33:30,577     INFO GAS_DEPLOY_ID: AKfycbwTUrFRBK0Uxazs2BUVBZBtixwjvj623TyihfXGmqKoB_-JT5IUjmOFhFvJBbKsOZgRjg
2024-01-21 03:33:36,441     INFO start
2024-01-21 03:33:36,441    DEBUG debug: ON
2024-01-21 03:33:36,441     INFO GAS_DEPLOY_ID: AKfycbwTUrFRBK0Uxazs2BUVBZBtixwjvj623TyihfXGmqKoB_-JT5IUjmOFhFvJBbKsOZgRjg
2024-01-21 03:33:44,307     INFO start
2024-01-21 03:33:44,308    DEBUG debug: ON
2024-01-21 03:33:44,308     INFO GAS_DEPLOY_ID: AKfycbwTUrFRBK0Uxazs2BUVBZBtixwjvj623TyihfXGmqKoB_-JT5IUjmOFhFvJBbKsOZgRjg
2024-01-21 03:33:45,031     INFO start
2024-01-21 03:33:45,031    DEBUG debug: ON
2024-01-21 03:33:45,031     INFO GAS_DEPLOY_ID: AKfycbwTUrFRBK0Uxazs2BUVBZBtixwjvj623TyihfXGmqKoB_-JT5IUjmOFhFvJBbKsOZgRjg
2024-01-21 03:34:03,254     INFO start
2024-01-21 03:34:03,256    DEBUG debug: ON
2024-01-21 03:34:03,256     INFO GAS_DEPLOY_ID: AKfycbwTUrFRBK0Uxazs2BUVBZBtixwjvj623TyihfXGmqKoB_-JT5IUjmOFhFvJBbKsOZgRjg
2024-01-21 03:34:05,822     INFO start
2024-01-21 03:34:05,822    DEBUG debug: ON
2024-01-21 03:34:05,822     INFO GAS_DEPLOY_ID: AKfycbwTUrFRBK0Uxazs2BUVBZBtixwjvj623TyihfXGmqKoB_-JT5IUjmOFhFvJBbKsOZgRjg
2024-01-21 03:34:08,340     INFO start
2024-01-21 03:34:08,341    DEBUG debug: ON
2024-01-21 03:34:08,341     INFO GAS_DEPLOY_ID: AKfycbwTUrFRBK0Uxazs2BUVBZBtixwjvj623TyihfXGmqKoB_-JT5IUjmOFhFvJBbKsOZgRjg
2024-01-21 03:34:20,690     INFO start
2024-01-21 03:34:20,697    DEBUG debug: ON
2024-01-21 03:34:20,697     INFO GAS_DEPLOY_ID: AKfycbwTUrFRBK0Uxazs2BUVBZBtixwjvj623TyihfXGmqKoB_-JT5IUjmOFhFvJBbKsOZgRjg
2024-01-21 03:34:26,289     INFO start
2024-01-21 03:34:26,290    DEBUG debug: ON
2024-01-21 03:34:26,290     INFO GAS_DEPLOY_ID: AKfycbwTUrFRBK0Uxazs2BUVBZBtixwjvj623TyihfXGmqKoB_-JT5IUjmOFhFvJBbKsOZgRjg
2024-01-21 03:35:36,273     INFO start
2024-01-21 03:35:36,274    DEBUG debug: ON
2024-01-21 03:35:36,274     INFO GAS_DEPLOY_ID: AKfycbwTUrFRBK0Uxazs2BUVBZBtixwjvj623TyihfXGmqKoB_-JT5IUjmOFhFvJBbKsOZgRjg
2024-01-21 03:35:38,082     INFO start
2024-01-21 03:35:38,082    DEBUG debug: ON
2024-01-21 03:35:38,082     INFO GAS_DEPLOY_ID: AKfycbwTUrFRBK0Uxazs2BUVBZBtixwjvj623TyihfXGmqKoB_-JT5IUjmOFhFvJBbKsOZgRjg
2024-01-21 03:35:44,755     INFO start
2024-01-21 03:35:44,755    DEBUG debug: ON
2024-01-21 03:35:44,755     INFO GAS_DEPLOY_ID: AKfycbwTUrFRBK0Uxazs2BUVBZBtixwjvj623TyihfXGmqKoB_-JT5IUjmOFhFvJBbKsOZgRjg
2024-01-21 03:35:45,974     INFO start
2024-01-21 03:35:45,974    DEBUG debug: ON
2024-01-21 03:35:45,974     INFO GAS_DEPLOY_ID: AKfycbwTUrFRBK0Uxazs2BUVBZBtixwjvj623TyihfXGmqKoB_-JT5IUjmOFhFvJBbKsOZgRjg
2024-01-21 03:35:48,694     INFO start
2024-01-21 03:35:48,695    DEBUG debug: ON
2024-01-21 03:35:48,695     INFO GAS_DEPLOY_ID: AKfycbwTUrFRBK0Uxazs2BUVBZBtixwjvj623TyihfXGmqKoB_-JT5IUjmOFhFvJBbKsOZgRjg
2024-01-21 03:35:56,856     INFO start
2024-01-21 03:35:56,858    DEBUG debug: ON
2024-01-21 03:35:56,859     INFO GAS_DEPLOY_ID: AKfycbwTUrFRBK0Uxazs2BUVBZBtixwjvj623TyihfXGmqKoB_-JT5IUjmOFhFvJBbKsOZgRjg
2024-01-21 03:35:59,890     INFO start
2024-01-21 03:35:59,891    DEBUG debug: ON
2024-01-21 03:35:59,891     INFO GAS_DEPLOY_ID: AKfycbwTUrFRBK0Uxazs2BUVBZBtixwjvj623TyihfXGmqKoB_-JT5IUjmOFhFvJBbKsOZgRjg
2024-01-21 03:36:03,144     INFO start
2024-01-21 03:36:03,145    DEBUG debug: ON
2024-01-21 03:36:03,146     INFO GAS_DEPLOY_ID: AKfycbwTUrFRBK0Uxazs2BUVBZBtixwjvj623TyihfXGmqKoB_-JT5IUjmOFhFvJBbKsOZgRjg
2024-01-21 03:36:05,790     INFO start
2024-01-21 03:36:05,791    DEBUG debug: ON
2024-01-21 03:36:05,791     INFO GAS_DEPLOY_ID: AKfycbwTUrFRBK0Uxazs2BUVBZBtixwjvj623TyihfXGmqKoB_-JT5IUjmOFhFvJBbKsOZgRjg
2024-01-21 03:36:06,928     INFO start
2024-01-21 03:36:06,929    DEBUG debug: ON
2024-01-21 03:36:06,929     INFO GAS_DEPLOY_ID: AKfycbwTUrFRBK0Uxazs2BUVBZBtixwjvj623TyihfXGmqKoB_-JT5IUjmOFhFvJBbKsOZgRjg
2024-01-21 03:36:08,832     INFO start
2024-01-21 03:36:08,832    DEBUG debug: ON
2024-01-21 03:36:08,832     INFO GAS_DEPLOY_ID: AKfycbwTUrFRBK0Uxazs2BUVBZBtixwjvj623TyihfXGmqKoB_-JT5IUjmOFhFvJBbKsOZgRjg
2024-01-21 03:36:09,855     INFO start
2024-01-21 03:36:09,855    DEBUG debug: ON
2024-01-21 03:36:09,855     INFO GAS_DEPLOY_ID: AKfycbwTUrFRBK0Uxazs2BUVBZBtixwjvj623TyihfXGmqKoB_-JT5IUjmOFhFvJBbKsOZgRjg
2024-01-21 03:36:14,116     INFO start
2024-01-21 03:36:14,117    DEBUG debug: ON
2024-01-21 03:36:14,117     INFO GAS_DEPLOY_ID: AKfycbwTUrFRBK0Uxazs2BUVBZBtixwjvj623TyihfXGmqKoB_-JT5IUjmOFhFvJBbKsOZgRjg
2024-01-21 03:36:20,469     INFO start
2024-01-21 03:36:20,470    DEBUG debug: ON
2024-01-21 03:36:20,470     INFO GAS_DEPLOY_ID: AKfycbwTUrFRBK0Uxazs2BUVBZBtixwjvj623TyihfXGmqKoB_-JT5IUjmOFhFvJBbKsOZgRjg
2024-01-21 03:36:22,393     INFO start
2024-01-21 03:36:22,394    DEBUG debug: ON
2024-01-21 03:36:22,394     INFO GAS_DEPLOY_ID: AKfycbwTUrFRBK0Uxazs2BUVBZBtixwjvj623TyihfXGmqKoB_-JT5IUjmOFhFvJBbKsOZgRjg
2024-01-21 03:36:27,761     INFO start
2024-01-21 03:36:27,762    DEBUG debug: ON
2024-01-21 03:36:27,762     INFO GAS_DEPLOY_ID: AKfycbwTUrFRBK0Uxazs2BUVBZBtixwjvj623TyihfXGmqKoB_-JT5IUjmOFhFvJBbKsOZgRjg
2024-01-21 03:36:29,276     INFO start
2024-01-21 03:36:29,276    DEBUG debug: ON
2024-01-21 03:36:29,276     INFO GAS_DEPLOY_ID: AKfycbwTUrFRBK0Uxazs2BUVBZBtixwjvj623TyihfXGmqKoB_-JT5IUjmOFhFvJBbKsOZgRjg
2024-01-21 03:36:32,814     INFO start
2024-01-21 03:36:32,814    DEBUG debug: ON
2024-01-21 03:36:32,815     INFO GAS_DEPLOY_ID: AKfycbwTUrFRBK0Uxazs2BUVBZBtixwjvj623TyihfXGmqKoB_-JT5IUjmOFhFvJBbKsOZgRjg
2024-01-21 03:36:37,087     INFO start
2024-01-21 03:36:37,088    DEBUG debug: ON
2024-01-21 03:36:37,088     INFO GAS_DEPLOY_ID: AKfycbwTUrFRBK0Uxazs2BUVBZBtixwjvj623TyihfXGmqKoB_-JT5IUjmOFhFvJBbKsOZgRjg
2024-01-21 03:36:39,829     INFO start
2024-01-21 03:36:39,829    DEBUG debug: ON
2024-01-21 03:36:39,829     INFO GAS_DEPLOY_ID: AKfycbwTUrFRBK0Uxazs2BUVBZBtixwjvj623TyihfXGmqKoB_-JT5IUjmOFhFvJBbKsOZgRjg
2024-01-21 03:37:22,507     INFO start
2024-01-21 03:37:22,508    DEBUG debug: ON
2024-01-21 03:37:22,508     INFO GAS_DEPLOY_ID: AKfycbwTUrFRBK0Uxazs2BUVBZBtixwjvj623TyihfXGmqKoB_-JT5IUjmOFhFvJBbKsOZgRjg
2024-01-21 03:37:24,920     INFO start
2024-01-21 03:37:24,921    DEBUG debug: ON
2024-01-21 03:37:24,921     INFO GAS_DEPLOY_ID: AKfycbwTUrFRBK0Uxazs2BUVBZBtixwjvj623TyihfXGmqKoB_-JT5IUjmOFhFvJBbKsOZgRjg
2024-01-21 03:37:26,615     INFO start
2024-01-21 03:37:26,615    DEBUG debug: ON
2024-01-21 03:37:26,616     INFO GAS_DEPLOY_ID: AKfycbwTUrFRBK0Uxazs2BUVBZBtixwjvj623TyihfXGmqKoB_-JT5IUjmOFhFvJBbKsOZgRjg
2024-01-21 03:37:27,815     INFO start
2024-01-21 03:37:27,815    DEBUG debug: ON
2024-01-21 03:37:27,815     INFO GAS_DEPLOY_ID: AKfycbwTUrFRBK0Uxazs2BUVBZBtixwjvj623TyihfXGmqKoB_-JT5IUjmOFhFvJBbKsOZgRjg
2024-01-21 03:37:34,180     INFO start
2024-01-21 03:37:34,180    DEBUG debug: ON
2024-01-21 03:37:34,181     INFO GAS_DEPLOY_ID: AKfycbwTUrFRBK0Uxazs2BUVBZBtixwjvj623TyihfXGmqKoB_-JT5IUjmOFhFvJBbKsOZgRjg
2024-01-21 03:37:37,962     INFO start
2024-01-21 03:37:37,962    DEBUG debug: ON
2024-01-21 03:37:37,962     INFO GAS_DEPLOY_ID: AKfycbwTUrFRBK0Uxazs2BUVBZBtixwjvj623TyihfXGmqKoB_-JT5IUjmOFhFvJBbKsOZgRjg
2024-01-21 03:37:45,645     INFO start
2024-01-21 03:37:45,646    DEBUG debug: ON
2024-01-21 03:37:45,646     INFO GAS_DEPLOY_ID: AKfycbwTUrFRBK0Uxazs2BUVBZBtixwjvj623TyihfXGmqKoB_-JT5IUjmOFhFvJBbKsOZgRjg
2024-01-21 03:37:47,839     INFO start
2024-01-21 03:37:47,839    DEBUG debug: ON
2024-01-21 03:37:47,840     INFO GAS_DEPLOY_ID: AKfycbwTUrFRBK0Uxazs2BUVBZBtixwjvj623TyihfXGmqKoB_-JT5IUjmOFhFvJBbKsOZgRjg
2024-01-21 03:37:59,108     INFO start
2024-01-21 03:37:59,109    DEBUG debug: ON
2024-01-21 03:37:59,110     INFO GAS_DEPLOY_ID: AKfycbwTUrFRBK0Uxazs2BUVBZBtixwjvj623TyihfXGmqKoB_-JT5IUjmOFhFvJBbKsOZgRjg
2024-01-21 03:38:28,483     INFO start
2024-01-21 03:38:28,483    DEBUG debug: ON
2024-01-21 03:38:28,484     INFO GAS_DEPLOY_ID: AKfycbwTUrFRBK0Uxazs2BUVBZBtixwjvj623TyihfXGmqKoB_-JT5IUjmOFhFvJBbKsOZgRjg
2024-01-21 03:38:37,687     INFO start
2024-01-21 03:38:37,688    DEBUG debug: ON
2024-01-21 03:38:37,689     INFO GAS_DEPLOY_ID: AKfycbwTUrFRBK0Uxazs2BUVBZBtixwjvj623TyihfXGmqKoB_-JT5IUjmOFhFvJBbKsOZgRjg
2024-01-21 03:38:50,827     INFO start
2024-01-21 03:38:50,827    DEBUG debug: ON
2024-01-21 03:38:50,827     INFO GAS_DEPLOY_ID: AKfycbwTUrFRBK0Uxazs2BUVBZBtixwjvj623TyihfXGmqKoB_-JT5IUjmOFhFvJBbKsOZgRjg
2024-01-21 03:38:54,093     INFO start
2024-01-21 03:38:54,093    DEBUG debug: ON
2024-01-21 03:38:54,093     INFO GAS_DEPLOY_ID: AKfycbwTUrFRBK0Uxazs2BUVBZBtixwjvj623TyihfXGmqKoB_-JT5IUjmOFhFvJBbKsOZgRjg
2024-01-21 03:38:54,805     INFO start
2024-01-21 03:38:54,805    DEBUG debug: ON
2024-01-21 03:38:54,805     INFO GAS_DEPLOY_ID: AKfycbwTUrFRBK0Uxazs2BUVBZBtixwjvj623TyihfXGmqKoB_-JT5IUjmOFhFvJBbKsOZgRjg
2024-01-21 03:39:05,063     INFO get_calendar: 2024-01-21 - 2024-01-21 achievement: False
2024-01-21 03:40:47,712     INFO start
2024-01-21 03:40:47,714    DEBUG debug: ON
2024-01-21 03:40:47,714     INFO GAS_DEPLOY_ID: AKfycbwTUrFRBK0Uxazs2BUVBZBtixwjvj623TyihfXGmqKoB_-JT5IUjmOFhFvJBbKsOZgRjg
2024-01-21 03:40:50,015     INFO start
2024-01-21 03:40:50,015    DEBUG debug: ON
2024-01-21 03:40:50,469     INFO start
2024-01-21 03:40:50,469    DEBUG debug: ON
2024-01-21 03:40:59,284     INFO start
2024-01-21 03:40:59,287    DEBUG debug: ON
2024-01-21 03:40:59,287     INFO GAS_DEPLOY_ID: AKfycbwTUrFRBK0Uxazs2BUVBZBtixwjvj623TyihfXGmqKoB_-JT5IUjmOFhFvJBbKsOZgRjg
2024-01-21 03:41:04,076     INFO start
2024-01-21 03:41:04,077    DEBUG debug: ON
2024-01-21 03:41:05,081     INFO start
2024-01-21 03:41:05,082    DEBUG debug: ON
2024-01-21 03:41:18,732     INFO start
2024-01-21 03:41:18,732    DEBUG debug: ON
2024-01-21 03:41:20,150     INFO start
2024-01-21 03:41:20,150    DEBUG debug: ON
2024-01-21 03:41:26,739     INFO start
2024-01-21 03:41:26,740    DEBUG debug: ON
2024-01-21 03:41:31,079     INFO start
2024-01-21 03:41:31,079    DEBUG debug: ON
2024-01-21 03:41:34,333     INFO start
2024-01-21 03:41:34,333    DEBUG debug: ON
2024-01-21 03:41:36,770     INFO start
2024-01-21 03:41:36,770    DEBUG debug: ON
2024-01-21 03:41:43,056     INFO start
2024-01-21 03:41:43,057    DEBUG debug: ON
2024-01-21 03:41:43,786     INFO start
2024-01-21 03:41:43,786    DEBUG debug: ON
2024-01-21 03:41:44,519     INFO start
2024-01-21 03:41:44,519    DEBUG debug: ON
2024-01-21 03:42:09,270     INFO start
2024-01-21 03:42:09,270    DEBUG debug: ON
2024-01-21 03:42:11,486     INFO start
2024-01-21 03:42:11,487    DEBUG debug: ON
2024-01-21 03:42:18,967     INFO start
2024-01-21 03:42:18,967    DEBUG debug: ON
2024-01-21 03:42:35,257     INFO start
2024-01-21 03:42:35,257    DEBUG debug: ON
2024-01-21 03:42:38,766     INFO start
2024-01-21 03:42:38,767    DEBUG debug: ON
2024-01-21 03:43:04,018     INFO start
2024-01-21 03:43:04,018    DEBUG debug: ON
2024-01-21 03:43:05,462     INFO start
2024-01-21 03:43:05,463    DEBUG debug: ON
2024-01-21 03:43:09,529     INFO start
2024-01-21 03:43:09,530    DEBUG debug: ON
2024-01-21 03:44:45,884     INFO start
2024-01-21 03:44:45,885    DEBUG debug: ON
2024-01-21 03:44:48,616     INFO start
2024-01-21 03:44:48,617    DEBUG debug: ON
2024-01-21 03:46:50,272     INFO start
2024-01-21 03:46:50,273    DEBUG debug: ON
2024-01-21 03:46:52,523     INFO start
2024-01-21 03:46:52,524    DEBUG debug: ON
2024-01-21 03:46:55,952     INFO start
2024-01-21 03:46:55,952    DEBUG debug: ON
2024-01-21 03:47:03,112     INFO start
2024-01-21 03:47:03,113    DEBUG debug: ON
2024-01-21 03:47:06,702     INFO start
2024-01-21 03:47:06,703    DEBUG debug: ON
2024-01-21 03:47:24,837     INFO start
2024-01-21 03:47:24,839    DEBUG debug: ON
2024-01-21 03:47:32,473     INFO start
2024-01-21 03:47:32,474    DEBUG debug: ON
2024-01-21 03:47:35,014     INFO start
2024-01-21 03:47:35,014    DEBUG debug: ON
2024-01-21 03:47:36,830     INFO start
2024-01-21 03:47:36,831    DEBUG debug: ON
2024-01-21 03:47:37,829     INFO start
2024-01-21 03:47:37,829    DEBUG debug: ON
2024-01-21 03:47:40,667     INFO start
2024-01-21 03:47:40,668    DEBUG debug: ON
2024-01-21 03:47:42,975     INFO start
2024-01-21 03:47:42,975    DEBUG debug: ON
2024-01-21 03:47:57,711     INFO start
2024-01-21 03:47:57,713    DEBUG debug: ON
2024-01-21 03:48:01,253     INFO start
2024-01-21 03:48:01,253    DEBUG debug: ON
2024-01-21 03:48:19,534     INFO start
2024-01-21 03:48:19,535    DEBUG debug: ON
2024-01-21 03:48:27,731     INFO start
2024-01-21 03:48:27,733    DEBUG debug: ON
2024-01-21 03:48:29,187     INFO start
2024-01-21 03:48:29,187    DEBUG debug: ON
2024-01-21 03:48:33,949     INFO start
2024-01-21 03:48:33,950    DEBUG debug: ON
2024-01-21 03:48:49,861     INFO start
2024-01-21 03:48:49,862    DEBUG debug: ON
2024-01-21 03:49:06,895     INFO start
2024-01-21 03:49:06,895    DEBUG debug: ON
2024-01-21 03:54:30,274     INFO start
2024-01-21 03:54:30,275    DEBUG debug: ON
2024-01-21 03:54:54,033     INFO start
2024-01-21 03:54:54,034    DEBUG debug: ON
2024-01-21 03:54:58,643     INFO start
2024-01-21 03:54:58,644    DEBUG debug: ON
2024-01-21 03:55:03,600     INFO start
2024-01-21 03:55:03,601    DEBUG debug: ON
2024-01-21 03:55:05,727     INFO start
2024-01-21 03:55:05,728    DEBUG debug: ON
2024-01-21 03:55:43,658     INFO start
2024-01-21 03:55:43,659    DEBUG debug: ON
2024-01-21 03:55:51,255     INFO start
2024-01-21 03:55:51,255    DEBUG debug: ON
2024-01-21 03:58:35,660     INFO start
2024-01-21 03:58:35,660    DEBUG debug: ON
2024-01-21 04:00:17,725     INFO start
2024-01-21 04:00:17,726    DEBUG debug: ON
